<?xml version="1.0" encoding="UTF-8"?>
<!-- Generated by org.testng.reporters.JUnitReportReporter -->
<testsuite hostname="DESKTOP-0TC20NJ" failures="0" tests="4" name="Basics_Project.LibraryApi" time="4.818" errors="0" timestamp="2023-01-10T14:26:58 IST" skipped="0">
  <testcase classname="Basics_Project.LibraryApi" name="PostBook" time="3.469"/>
  <system-out/>
  <testcase classname="Basics_Project.LibraryApi" name="PostBook" time="0.397"/>
  <system-out/>
  <testcase classname="Basics_Project.LibraryApi" name="PostBook" time="0.424"/>
  <system-out/>
  <testcase classname="Basics_Project.LibraryApi" name="PostBook" time="0.528"/>
  <system-out/>
</testsuite> <!-- Basics_Project.LibraryApi -->
