<?xml version="1.0" encoding="UTF-8"?>
<!-- Generated by org.testng.reporters.JUnitReportReporter -->
<testsuite hostname="DESKTOP-0TC20NJ" failures="0" tests="1" name="Basics_Project.SumValidation" time="1.866" errors="0" timestamp="2023-01-09T20:51:47 IST" skipped="0">
  <testcase classname="Basics_Project.SumValidation" name="SumOfCourses" time="1.866"/>
  <system-out/>
</testsuite> <!-- Basics_Project.SumValidation -->
