<?xml version="1.0" encoding="UTF-8"?>
<!-- Generated by org.testng.reporters.JUnitReportReporter -->
<testsuite hostname="DESKTOP-0TC20NJ" failures="0" tests="3" name="Tests.OrangeHrm" time="7.283" errors="0" timestamp="2022-12-22T19:58:36 IST" skipped="0">
  <testcase classname="Tests.OrangeHrm" name="VerifyLoginPage" time="2.033"/>
  <system-out/>
  <testcase classname="Tests.OrangeHrm" name="EnterLoginDetails" time="1.000"/>
  <system-out/>
  <testcase classname="Tests.OrangeHrm" name="LaunchApp" time="4.250"/>
  <system-out/>
</testsuite> <!-- Tests.OrangeHrm -->
