<?xml version="1.0" encoding="UTF-8"?>
<!-- Generated by org.testng.reporters.JUnitReportReporter -->
<testsuite hostname="DESKTOP-0TC20NJ" failures="0" tests="2" name="Tests.DataProviderString" time="0.015" errors="0" timestamp="2022-11-28T20:18:53 IST" skipped="0">
  <testcase classname="Tests.DataProviderString" name="Test" time="0.012"/>
  <system-out/>
  <testcase classname="Tests.DataProviderString" name="Test" time="0.003"/>
  <system-out/>
</testsuite> <!-- Tests.DataProviderString -->
