<?xml version="1.0" encoding="UTF-8"?>
<!-- Generated by org.testng.reporters.JUnitReportReporter -->
<testsuite hostname="DESKTOP-0TC20NJ" failures="0" tests="6" name="EXAMPLES.IgnoreEx" time="0.039" errors="0" timestamp="2022-11-16T20:21:04 IST" skipped="1">
  <testcase classname="EXAMPLES.IgnoreEx" name="SignUp" time="0.020"/>
  <system-out/>
  <testcase classname="EXAMPLES.IgnoreEx" name="SearchBus" time="0.005"/>
  <system-out/>
  <testcase classname="EXAMPLES.IgnoreEx" name="BookBus" time="0.003"/>
  <system-out/>
  <testcase classname="EXAMPLES.IgnoreEx" name="GetTicket" time="0.008"/>
  <system-out/>
  <testcase classname="EXAMPLES.IgnoreEx" name="LogOut" time="0.003"/>
  <system-out/>
  <testcase classname="EXAMPLES.IgnoreEx" name="Login">
    <skipped/>
  </testcase> <!-- Login -->
  <system-out/>
</testsuite> <!-- EXAMPLES.IgnoreEx -->
