<?xml version="1.0" encoding="UTF-8"?>
<!-- Generated by org.testng.reporters.JUnitReportReporter -->
<testsuite hostname="DESKTOP-0TC20NJ" failures="0" tests="3" name="NewAutomation.dropdown" time="5.163" errors="0" timestamp="2022-12-17T15:18:28 IST" skipped="0">
  <testcase classname="NewAutomation.dropdown" name="selectdateandtime" time="0.127"/>
  <system-out/>
  <testcase classname="NewAutomation.dropdown" name="radioBtn" time="3.791"/>
  <system-out/>
  <testcase classname="NewAutomation.dropdown" name="launchapp" time="1.245"/>
  <system-out/>
</testsuite> <!-- NewAutomation.dropdown -->
