<?xml version="1.0" encoding="UTF-8"?>
<!-- Generated by org.testng.reporters.JUnitReportReporter -->
<testsuite hostname="DESKTOP-0TC20NJ" failures="0" tests="3" name="Tests.DataProviderClassEx" time="0.019" errors="0" timestamp="2022-12-16T12:41:39 IST" skipped="0">
  <testcase classname="Tests.DataProviderClassEx" name="Data" time="0.011"/>
  <system-out/>
  <testcase classname="Tests.DataProviderClassEx" name="Data" time="0.003"/>
  <system-out/>
  <testcase classname="Tests.DataProviderClassEx" name="Data" time="0.005"/>
  <system-out/>
</testsuite> <!-- Tests.DataProviderClassEx -->
