<?xml version="1.0" encoding="UTF-8"?>
<!-- Generated by org.testng.reporters.JUnitReportReporter -->
<testsuite hostname="DESKTOP-0TC20NJ" failures="0" tests="6" name="EXAMPLES.Priority" time="0.034" errors="0" timestamp="2022-11-16T20:14:40 IST" skipped="0">
  <testcase classname="EXAMPLES.Priority" name="SignUp" time="0.017"/>
  <system-out/>
  <testcase classname="EXAMPLES.Priority" name="Login" time="0.002"/>
  <system-out/>
  <testcase classname="EXAMPLES.Priority" name="SearchBus" time="0.005"/>
  <system-out/>
  <testcase classname="EXAMPLES.Priority" name="BookBus" time="0.004"/>
  <system-out/>
  <testcase classname="EXAMPLES.Priority" name="GetTicket" time="0.002"/>
  <system-out/>
  <testcase classname="EXAMPLES.Priority" name="LogOut" time="0.004"/>
  <system-out/>
</testsuite> <!-- EXAMPLES.Priority -->
