<?xml version="1.0" encoding="UTF-8"?>
<!-- Generated by org.testng.reporters.JUnitReportReporter -->
<testsuite hostname="DESKTOP-0TC20NJ" failures="0" tests="1" name="Tests.AnnotationTest" time="0.012" errors="0" timestamp="2022-11-14T12:42:35 IST" skipped="0">
  <testcase classname="Tests.AnnotationTest" name="Test1" time="0.012"/>
  <system-out/>
</testsuite> <!-- Tests.AnnotationTest -->
