<?xml version="1.0" encoding="UTF-8"?>
<!-- Generated by org.testng.reporters.JUnitReportReporter -->
<testsuite hostname="DESKTOP-0TC20NJ" failures="0" tests="3" name="Listeners.Test1" time="0.056" errors="0" timestamp="2022-12-06T12:27:38 IST" skipped="0">
  <testcase classname="Listeners.Test1" name="Testmethod1" time="0.022"/>
  <system-out/>
  <testcase classname="Listeners.Test1" name="Testmethod3" time="0.019"/>
  <system-out/>
  <testcase classname="Listeners.Test1" name="Testmethod2" time="0.015"/>
  <system-out/>
</testsuite> <!-- Listeners.Test1 -->
