<?xml version="1.0" encoding="UTF-8"?>
<!-- Generated by org.testng.reporters.JUnitReportReporter -->
<testsuite hostname="DESKTOP-0TC20NJ" failures="0" tests="1" name="Tests.Invocations" time="9.306" errors="0" timestamp="2022-12-05T12:12:35 IST" skipped="0">
  <testcase classname="Tests.Invocations" name="randomurl" time="9.306"/>
  <system-out/>
</testsuite> <!-- Tests.Invocations -->
