<?xml version="1.0" encoding="UTF-8"?>
<!-- Generated by org.testng.reporters.JUnitReportReporter -->
<testsuite hostname="Kapil_Newaskar" failures="0" tests="1" name="com.w2a.base.LogTest" time="0.021" errors="0" timestamp="31 May 2022 06:00:56 GMT" skipped="0">
  <testcase classname="com.w2a.base.LogTest" name="Print" time="0.021"/>
</testsuite> <!-- com.w2a.base.LogTest -->
