<?xml version="1.0" encoding="UTF-8"?>
<!-- Generated by org.testng.reporters.JUnitReportReporter -->
<testsuite hostname="Kapil_Newaskar" failures="0" tests="1" name="com.w2a.testcases.LoinTest" time="3.151" errors="0" timestamp="30 May 2022 15:45:25 GMT" skipped="0">
  <testcase classname="com.w2a.testcases.LoinTest" name="loginAsBankManager" time="3.151"/>
</testsuite> <!-- com.w2a.testcases.LoinTest -->
