<?xml version="1.0" encoding="UTF-8"?>
<!-- Generated by org.testng.reporters.JUnitReportReporter -->
<testsuite hostname="Kapil_Newaskar" failures="0" tests="1" name="com.w2a.testcases.LoginTest" time="3.123" errors="0" timestamp="05 Jun 2022 09:54:21 GMT" skipped="0">
  <testcase classname="com.w2a.testcases.LoginTest" name="loginAsBankManager" time="3.123"/>
</testsuite> <!-- com.w2a.testcases.LoginTest -->
