<?xml version="1.0" encoding="UTF-8"?>
<!-- Generated by org.testng.reporters.JUnitReportReporter -->
<testsuite hostname="DESKTOP-0TC20NJ" failures="0" tests="1" name="E_commerce_project.Test_003" time="27.169" errors="0" timestamp="2022-12-30T12:33:55 IST" skipped="0">
  <testcase classname="E_commerce_project.Test_003" name="SumOfValueOfProduct" time="27.169"/>
  <system-out/>
</testsuite> <!-- E_commerce_project.Test_003 -->
