<?xml version="1.0" encoding="UTF-8"?>
<!-- Generated by org.testng.reporters.JUnitReportReporter -->
<testsuite hostname="DESKTOP-0TC20NJ" failures="0" tests="1" name="Appium_Learing.DragAndDrop" time="8.875" errors="0" timestamp="2022-12-28T15:22:57 IST" skipped="0">
  <testcase classname="Appium_Learing.DragAndDrop" name="DragAndDropTest" time="8.875"/>
  <system-out/>
</testsuite> <!-- Appium_Learing.DragAndDrop -->
