<?xml version="1.0" encoding="UTF-8"?>
<!-- Generated by org.testng.reporters.JUnitReportReporter -->
<testsuite hostname="DESKTOP-0TC20NJ" failures="0" tests="1" name="Appium_Learing.DemoSwipe" time="5.708" errors="0" timestamp="2022-12-28T14:14:09 IST" skipped="0">
  <testcase classname="Appium_Learing.DemoSwipe" name="SwipeTest" time="5.708"/>
  <system-out/>
</testsuite> <!-- Appium_Learing.DemoSwipe -->
