<?xml version="1.0" encoding="UTF-8"?>
<!-- Generated by org.testng.reporters.JUnitReportReporter -->
<testsuite hostname="DESKTOP-0TC20NJ" failures="0" tests="1" name="Appium_Learing.MiscellanousActivity" time="9.073" errors="0" timestamp="2022-12-28T18:52:27 IST" skipped="0">
  <testcase classname="Appium_Learing.MiscellanousActivity" name="SwipeTest" time="9.073"/>
  <system-out/>
</testsuite> <!-- Appium_Learing.MiscellanousActivity -->
