<?xml version="1.0" encoding="UTF-8"?>
<!-- Generated by org.testng.reporters.JUnitReportReporter -->
<testsuite hostname="DESKTOP-0TC20NJ" failures="0" tests="1" name="Appium_Learing.Test_003" time="12.088" errors="0" timestamp="2023-01-04T13:29:11 IST" skipped="0">
  <testcase classname="Appium_Learing.Test_003" name="DoubleTapEx" time="12.088"/>
  <system-out/>
</testsuite> <!-- Appium_Learing.Test_003 -->
