<?xml version="1.0" encoding="UTF-8"?>
<!-- Generated by org.testng.reporters.JUnitReportReporter -->
<testsuite hostname="DESKTOP-0TC20NJ" failures="0" tests="2" name="E_commerce_project.Test_001" time="41.626" errors="0" timestamp="2022-12-28T20:05:56 IST" skipped="0">
  <testcase classname="E_commerce_project.Test_001" name="Login" time="21.094"/>
  <system-out/>
  <testcase classname="E_commerce_project.Test_001" name="InvalidLogin" time="20.532"/>
  <system-out/>
</testsuite> <!-- E_commerce_project.Test_001 -->
