<?xml version="1.0" encoding="UTF-8"?>
<!-- Generated by org.testng.reporters.JUnitReportReporter -->
<testsuite hostname="DESKTOP-0TC20NJ" failures="0" tests="1" name="E_commerce_project.Test_002" time="33.856" errors="0" timestamp="2022-12-29T21:17:47 IST" skipped="0">
  <testcase classname="E_commerce_project.Test_002" name="AddToCart" time="33.856"/>
  <system-out/>
</testsuite> <!-- E_commerce_project.Test_002 -->
