<?xml version="1.0" encoding="UTF-8"?>
<!-- Generated by org.testng.reporters.JUnitReportReporter -->
<testsuite hostname="DESKTOP-0TC20NJ" failures="0" tests="2" name="Tests.Test1" time="3.108" errors="0" timestamp="2022-11-23T13:13:32 IST" skipped="0">
  <testcase classname="Tests.Test1" name="LoginDetails" time="0.276"/>
  <system-out/>
  <testcase classname="Tests.Test1" name="Launchapp" time="2.832"/>
  <system-out/>
</testsuite> <!-- Tests.Test1 -->
