<?xml version="1.0" encoding="UTF-8"?>
<!-- Generated by org.testng.reporters.JUnitReportReporter -->
<testsuite hostname="DESKTOP-0TC20NJ" failures="0" tests="3" name="Tests.DataProviderEx" time="128.176" errors="0" timestamp="2022-11-29T17:36:51 IST" skipped="0">
  <testcase classname="Tests.DataProviderEx" name="Test_Google" time="41.048"/>
  <system-out/>
  <testcase classname="Tests.DataProviderEx" name="Test_Google" time="41.652"/>
  <system-out/>
  <testcase classname="Tests.DataProviderEx" name="Test_Google" time="45.476"/>
  <system-out/>
</testsuite> <!-- Tests.DataProviderEx -->
