<?xml version="1.0" encoding="UTF-8"?>
<!-- Generated by org.testng.reporters.JUnitReportReporter -->
<testsuite hostname="DESKTOP-0TC20NJ" failures="0" tests="3" name="Tests.GroupsTest" time="0.023" errors="0" timestamp="2022-11-23T14:58:11 IST" skipped="0">
  <testcase classname="Tests.GroupsTest" name="Test1" time="0.018"/>
  <system-out/>
  <testcase classname="Tests.GroupsTest" name="Test2" time="0.003"/>
  <system-out/>
  <testcase classname="Tests.GroupsTest" name="Test3" time="0.002"/>
  <system-out/>
</testsuite> <!-- Tests.GroupsTest -->
