<?xml version="1.0" encoding="UTF-8"?>
<!-- Generated by org.testng.reporters.JUnitReportReporter -->
<testsuite hostname="Kapil_Newaskar" failures="0" tests="1" name="mar25.Test8" time="0.001" errors="0" timestamp="2022-04-09T13:46:30 IST" skipped="0">
  <testcase classname="mar25.Test8" name="f" time="0.001"/>
  <system-out/>
</testsuite> <!-- mar25.Test8 -->
