<?xml version="1.0" encoding="UTF-8"?>
<!-- Generated by org.testng.reporters.JUnitReportReporter -->
<testsuite hostname="Kapil_Newaskar" failures="0" tests="3" name="mar25.Test1" time="0.015" errors="0" timestamp="2022-04-09T13:46:30 IST" skipped="0">
  <testcase classname="mar25.Test1" name="f2" time="0.003"/>
  <system-out/>
  <testcase classname="mar25.Test1" name="f" time="0.004"/>
  <system-out/>
  <testcase classname="mar25.Test1" name="a" time="0.008"/>
  <system-out/>
</testsuite> <!-- mar25.Test1 -->
