<?xml version="1.0" encoding="UTF-8"?>
<!-- Generated by org.testng.reporters.JUnitReportReporter -->
<testsuite hostname="Kapil_Newaskar" failures="0" tests="3" name="mar25.Test5" time="0.005" errors="0" timestamp="2022-04-09T13:46:30 IST" skipped="1">
  <testcase classname="mar25.Test5" name="f" time="0.002"/>
  <system-out/>
  <testcase classname="mar25.Test5" name="f3" time="0.003"/>
  <system-out/>
  <testcase classname="mar25.Test5" name="f2">
    <skipped/>
  </testcase> <!-- f2 -->
  <system-out/>
</testsuite> <!-- mar25.Test5 -->
