<?xml version="1.0" encoding="UTF-8"?>
<!-- Generated by org.testng.reporters.JUnitReportReporter -->
<testsuite hostname="Kapil_Newaskar" failures="0" tests="3" name="testcases.HomePageTestcases001" time="42.028" errors="0" timestamp="2022-04-23T17:44:20 IST" skipped="0">
  <testcase classname="testcases.HomePageTestcases001" name="search1" time="12.425"/>
  <system-out/>
  <testcase classname="testcases.HomePageTestcases001" name="search2" time="14.971"/>
  <system-out/>
  <testcase classname="testcases.HomePageTestcases001" name="search3" time="14.632"/>
  <system-out/>
</testsuite> <!-- testcases.HomePageTestcases001 -->
