<?xml version="1.0" encoding="UTF-8"?>
<!-- Generated by org.testng.reporters.JUnitReportReporter -->
<testsuite hostname="Kapil_Newaskar" failures="0" tests="1" name="testcases.LogTest" time="0.039" errors="0" timestamp="2022-05-31T11:28:43 IST" skipped="0">
  <testcase classname="testcases.LogTest" name="Print" time="0.039"/>
  <system-out/>
</testsuite> <!-- testcases.LogTest -->
