<?xml version="1.0" encoding="UTF-8"?>
<!-- Generated by org.testng.reporters.JUnitReportReporter -->
<testsuite hostname="Kapil_Newaskar" failures="0" tests="2" name="mar25.Test7" time="0.002" errors="0" timestamp="2022-04-09T13:46:30 IST" skipped="0">
  <testcase classname="mar25.Test7" name="f" time="0.001"/>
  <system-out/>
  <testcase classname="mar25.Test7" name="f2" time="0.001"/>
  <system-out/>
</testsuite> <!-- mar25.Test7 -->
