<?xml version="1.0" encoding="UTF-8"?>
<!-- Generated by org.testng.reporters.JUnitReportReporter -->
<testsuite hostname="Kapil_Newaskar" failures="0" tests="3" name="testcases.HomePageTestcases002" time="47.111" errors="0" timestamp="2022-06-17T19:57:33 IST" skipped="0">
  <testcase classname="testcases.HomePageTestcases002" name="search3" time="12.811"/>
  <system-out/>
  <testcase classname="testcases.HomePageTestcases002" name="search2" time="17.419"/>
  <system-out/>
  <testcase classname="testcases.HomePageTestcases002" name="search1" time="16.881"/>
  <system-out/>
</testsuite> <!-- testcases.HomePageTestcases002 -->
