<?xml version="1.0" encoding="UTF-8"?>
<!-- Generated by org.testng.reporters.JUnitReportReporter -->
<testsuite hostname="Kapil_Newaskar" failures="0" tests="3" name="mar26.BeforeAndAfterClassEX" time="27.265" errors="0" timestamp="2022-04-09T15:15:33 IST" skipped="0">
  <testcase classname="mar26.BeforeAndAfterClassEX" name="Test2" time="5.325"/>
  <system-out/>
  <testcase classname="mar26.BeforeAndAfterClassEX" name="Test1" time="10.233"/>
  <system-out/>
  <testcase classname="mar26.BeforeAndAfterClassEX" name="Test3" time="11.707"/>
  <system-out/>
</testsuite> <!-- mar26.BeforeAndAfterClassEX -->
