<?xml version="1.0" encoding="UTF-8"?>
<!-- Generated by org.testng.reporters.JUnitReportReporter -->
<testsuite hostname="Kapil_Newaskar" failures="0" tests="1" name="TTTTT.Testt" time="21.343" errors="0" timestamp="2022-04-17T11:51:23 IST" skipped="0">
  <testcase classname="TTTTT.Testt" name="A" time="21.343"/>
  <system-out/>
</testsuite> <!-- TTTTT.Testt -->
