<?xml version="1.0" encoding="UTF-8"?>
<!-- Generated by org.testng.reporters.JUnitReportReporter -->
<testsuite hostname="Kapil_Newaskar" failures="0" tests="3" name="mar26_2.Testcases001" time="23.915" errors="0" timestamp="2022-04-09T15:37:06 IST" skipped="0">
  <testcase classname="mar26_2.Testcases001" name="Test2" time="4.594"/>
  <system-out/>
  <testcase classname="mar26_2.Testcases001" name="Test1" time="10.346"/>
  <system-out/>
  <testcase classname="mar26_2.Testcases001" name="Test3" time="8.975"/>
  <system-out/>
</testsuite> <!-- mar26_2.Testcases001 -->
