<?xml version="1.0" encoding="UTF-8"?>
<!-- Generated by org.testng.reporters.JUnitReportReporter -->
<testsuite hostname="DESKTOP-0TC20NJ" failures="0" tests="1" name="TestRunner.Run" time="21.693" errors="0" timestamp="2023-01-21T11:37:54 IST" skipped="0">
  <testcase classname="TestRunner.Run" name="runScenario" time="21.693"/>
  <system-out/>
</testsuite> <!-- TestRunner.Run -->
