<?xml version="1.0" encoding="UTF-8"?>
<!-- Generated by org.testng.reporters.JUnitReportReporter -->
<testsuite hostname="Kapil_Newaskar" failures="0" tests="1" name="learn.LogTest" time="0.117" errors="0" timestamp="2022-06-18T15:43:25 IST" skipped="0">
  <testcase classname="learn.LogTest" name="Print" time="0.117"/>
  <system-out/>
</testsuite> <!-- learn.LogTest -->
